<?xml version="1.0" encoding="UTF-8" ?>
<testsuite failures="0" time="0.032" errors="0" skipped="0" tests="1" name="com.jemm.glMD5.AppTest">
  <properties>
    <property name="java.runtime.name" value="Java(TM) SE Runtime Environment"/>
    <property name="sun.boot.library.path" value="C:\SEDenv\sw\jdk\jre\bin"/>
    <property name="java.vm.version" value="14.2-b01"/>
    <property name="java.vm.vendor" value="Sun Microsystems Inc."/>
    <property name="java.vendor.url" value="http://java.sun.com/"/>
    <property name="path.separator" value=";"/>
    <property name="guice.disable.misplaced.annotation.check" value="true"/>
    <property name="java.vm.name" value="Java HotSpot(TM) Client VM"/>
    <property name="file.encoding.pkg" value="sun.io"/>
    <property name="user.country" value="SE"/>
    <property name="sun.java.launcher" value="SUN_STANDARD"/>
    <property name="sun.os.patch.level" value="Service Pack 2"/>
    <property name="java.vm.specification.name" value="Java Virtual Machine Specification"/>
    <property name="user.dir" value="C:\Users\xjoslih\sw\GL\glMD5"/>
    <property name="java.runtime.version" value="1.6.0_16-b01"/>
    <property name="java.awt.graphicsenv" value="sun.awt.Win32GraphicsEnvironment"/>
    <property name="java.endorsed.dirs" value="C:\SEDenv\sw\jdk\jre\lib\endorsed"/>
    <property name="os.arch" value="x86"/>
    <property name="java.io.tmpdir" value="C:\Users\xjoslih\AppData\Local\Temp\"/>
    <property name="line.separator" value="
"/>
    <property name="java.vm.specification.vendor" value="Sun Microsystems Inc."/>
    <property name="user.variant" value=""/>
    <property name="os.name" value="Windows Vista"/>
    <property name="classworlds.conf" value="C:\Users\xjoslih\gl\.metadata\.plugins\org.eclipse.m2e.core\launches\m2conf7187123837856807468.tmp"/>
    <property name="sun.jnu.encoding" value="Cp1252"/>
    <property name="java.library.path" value="C:\SEDenv\sw\jdk\bin;.;C:\Windows\Sun\Java\bin;C:\Windows\system32;C:\Windows;C:/SEDenv/sw/jdk/bin/../jre/bin/client;C:/SEDenv/sw/jdk/bin/../jre/bin;C:/SEDenv/sw/jdk/bin/../jre/lib/i386;C:\Perl\site\bin;C:\Perl\bin;C:\SEDenv\sw\jdk\bin;C:\dve_env\servers\glassfish3\glassfish\bin;c:\SEDenv\sw\cygwin\bin;c:\SEDenv\sw\ant\bin;c:\SEDenv\sw\maven\221\bin;C:\Windows\system32;C:\Windows;C:\Windows\System32\Wbem;C:\Program Files\WIDCOMM\Bluetooth Software\;C:\Program Files\Citrix\system32\;C:\Program Files\SlikSvn\bin;C:\MinGW\bin;C:\Slamd\slamd_client-2.0.1\slamd_client\lib;C:\OpenLDAP\kfw\Binary;C:\OpenLDAP\ClientTools;C:\OpenSSL-Win32\bin;C:\raserver;C:\Program Files\TortoiseGit\bin;C:\Program Files\Git\bin;C:\Users\xjoslih\Desktop\eclipse;"/>
    <property name="java.specification.name" value="Java Platform API Specification"/>
    <property name="java.class.version" value="50.0"/>
    <property name="sun.management.compiler" value="HotSpot Client Compiler"/>
    <property name="os.version" value="6.0"/>
    <property name="user.home" value="C:\Users\xjoslih"/>
    <property name="user.timezone" value="Europe/Berlin"/>
    <property name="java.awt.printerjob" value="sun.awt.windows.WPrinterJob"/>
    <property name="file.encoding" value="Cp1252"/>
    <property name="java.specification.version" value="1.6"/>
    <property name="user.name" value="xjoslih"/>
    <property name="java.class.path" value="/C:/Users/xjoslih/Desktop/eclipse/configuration/org.eclipse.osgi/bundles/851/1/.cp/jars/plexus-classworlds-2.4.jar"/>
    <property name="java.vm.specification.version" value="1.0"/>
    <property name="sun.arch.data.model" value="32"/>
    <property name="java.home" value="C:\SEDenv\sw\jdk\jre"/>
    <property name="java.specification.vendor" value="Sun Microsystems Inc."/>
    <property name="user.language" value="sv"/>
    <property name="awt.toolkit" value="sun.awt.windows.WToolkit"/>
    <property name="java.vm.info" value="mixed mode"/>
    <property name="java.version" value="1.6.0_16"/>
    <property name="java.ext.dirs" value="C:\SEDenv\sw\jdk\jre\lib\ext;C:\Windows\Sun\Java\lib\ext"/>
    <property name="sun.boot.class.path" value="C:\SEDenv\sw\jdk\jre\lib\resources.jar;C:\SEDenv\sw\jdk\jre\lib\rt.jar;C:\SEDenv\sw\jdk\jre\lib\sunrsasign.jar;C:\SEDenv\sw\jdk\jre\lib\jsse.jar;C:\SEDenv\sw\jdk\jre\lib\jce.jar;C:\SEDenv\sw\jdk\jre\lib\charsets.jar;C:\SEDenv\sw\jdk\jre\classes"/>
    <property name="java.vendor" value="Sun Microsystems Inc."/>
    <property name="maven.home" value="C:\Users\xjoslih\sw\GL\glMD5\EMBEDDED"/>
    <property name="file.separator" value="\"/>
    <property name="java.vendor.url.bug" value="http://java.sun.com/cgi-bin/bugreport.cgi"/>
    <property name="sun.cpu.endian" value="little"/>
    <property name="sun.io.unicode.encoding" value="UnicodeLittle"/>
    <property name="sun.desktop" value="windows"/>
    <property name="sun.cpu.isalist" value="pentium_pro+mmx pentium_pro pentium+mmx pentium i486 i386 i86"/>
  </properties>
  <testcase time="0.003" classname="com.jemm.glMD5.AppTest" name="testApp"/>
</testsuite>